0 info it worked if it ends with ok
1 verbose cli [ '/home/ubuntu/.nvm/versions/node/v4.2.4/bin/node',
1 verbose cli   '/home/ubuntu/.nvm/versions/node/v4.2.4/bin/npm',
1 verbose cli   'run',
1 verbose cli   'lint' ]
2 info using npm@2.14.19
3 info using node@v4.2.4
4 verbose run-script [ 'prelint', 'lint', 'postlint' ]
5 info prelint project-sarai@0.0.0
6 info lint project-sarai@0.0.0
7 verbose unsafe-perm in lifecycle true
8 info project-sarai@0.0.0 Failed to exec lint script
9 verbose stack Error: project-sarai@0.0.0 lint: `eslint ./lib ./client ./server --ext .js --ext .jsx`
9 verbose stack Exit status 1
9 verbose stack     at EventEmitter.<anonymous> (/home/ubuntu/.nvm/versions/node/v4.2.4/lib/node_modules/npm/lib/utils/lifecycle.js:214:16)
9 verbose stack     at emitTwo (events.js:87:13)
9 verbose stack     at EventEmitter.emit (events.js:172:7)
9 verbose stack     at ChildProcess.<anonymous> (/home/ubuntu/.nvm/versions/node/v4.2.4/lib/node_modules/npm/lib/utils/spawn.js:24:14)
9 verbose stack     at emitTwo (events.js:87:13)
9 verbose stack     at ChildProcess.emit (events.js:172:7)
9 verbose stack     at maybeClose (internal/child_process.js:818:16)
9 verbose stack     at Process.ChildProcess._handle.onexit (internal/child_process.js:211:5)
10 verbose pkgid project-sarai@0.0.0
11 verbose cwd /home/ubuntu/workspace
12 error Linux 4.2.0-c9
13 error argv "/home/ubuntu/.nvm/versions/node/v4.2.4/bin/node" "/home/ubuntu/.nvm/versions/node/v4.2.4/bin/npm" "run" "lint"
14 error node v4.2.4
15 error npm  v2.14.19
16 error code ELIFECYCLE
17 error project-sarai@0.0.0 lint: `eslint ./lib ./client ./server --ext .js --ext .jsx`
17 error Exit status 1
18 error Failed at the project-sarai@0.0.0 lint script 'eslint ./lib ./client ./server --ext .js --ext .jsx'.
18 error This is most likely a problem with the project-sarai package,
18 error not with npm itself.
18 error Tell the author that this fails on your system:
18 error     eslint ./lib ./client ./server --ext .js --ext .jsx
18 error You can get information on how to open an issue for this project with:
18 error     npm bugs project-sarai
18 error Or if that isn't available, you can get their info via:
18 error
18 error     npm owner ls project-sarai
18 error There is likely additional logging output above.
19 verbose exit [ 1, true ]
